<?xml version="1.0" encoding="UTF-8"?>
<!-- Generated by org.testng.reporters.JUnitXMLReporter -->
<testsuite hostname="NJCreationsLab" tests="9" failures="0" timestamp="27 Apr 2017 08:36:11 GMT" time="7.716" errors="0">
  <testcase name="addWardTestCase" time="0.614" classname="AdmissionResourceTestCase"/>
  <testcase name="getPatientInformationByBHTNoTestCase" time="0.428" classname="AdmissionResourceTestCase"/>
  <testcase name="getWardAdmissionByPatientIDTestCase" time="3.977" classname="AdmissionResourceTestCase"/>
  <testcase name="getWardAdmissionByWardNoTestCase" time="0.173" classname="AdmissionResourceTestCase"/>
  <testcase name="getWardAdmissionDetailsByBHTNoTestCase" time="0.398" classname="AdmissionResourceTestCase"/>
  <testcase name="getWardAdmissionTestCase" time="0.778" classname="AdmissionResourceTestCase"/>
  <testcase name="updateAdmissionBedNoTestCase" time="0.462" classname="AdmissionResourceTestCase"/>
  <testcase name="updateDischargeSignTestCase" time="0.443" classname="AdmissionResourceTestCase"/>
  <testcase name="updateDischargeTestCase" time="0.4" classname="AdmissionResourceTestCase"/>
</testsuite>
