<?xml version="1.0" encoding="UTF-8"?>
<testng-results skipped="0" failed="0" total="5" passed="5">
  <reporter-output>
  </reporter-output>
  <suite name="Default suite" duration-ms="4688" started-at="2017-03-21T07:10:49Z" finished-at="2017-03-21T07:10:53Z">
    <groups>
      <group name="his.lab.test">
        <method signature="LabTestCase.addLaboratoryTestCase()[pri:0, instance:LabTestCase@3498ed]" name="addLaboratoryTestCase" class="LabTestCase"/>
        <method signature="LabTestCase.getAllLaboratoriesTestCase()[pri:0, instance:LabTestCase@3498ed]" name="getAllLaboratoriesTestCase" class="LabTestCase"/>
        <method signature="LabTestCase.getLabTestRequestByID()[pri:0, instance:LabTestCase@3498ed]" name="getLabTestRequestByID" class="LabTestCase"/>
        <method signature="LabTestCase.updateLaboratoryTestCase()[pri:0, instance:LabTestCase@3498ed]" name="updateLaboratoryTestCase" class="LabTestCase"/>
        <method signature="LabTestCase.deleteLabTestCase()[pri:0, instance:LabTestCase@3498ed]" name="deleteLabTestCase" class="LabTestCase"/>
      </group> <!-- his.lab.test -->
    </groups>
    <test name="Default test" duration-ms="4688" started-at="2017-03-21T07:10:49Z" finished-at="2017-03-21T07:10:53Z">
      <class name="LabTestCase">
        <test-method status="PASS" signature="addLaboratoryTestCase()[pri:0, instance:LabTestCase@3498ed]" name="addLaboratoryTestCase" duration-ms="3840" started-at="2017-03-21T12:40:49Z" finished-at="2017-03-21T12:40:53Z">
          <reporter-output>
          </reporter-output>
        </test-method> <!-- addLaboratoryTestCase -->
        <test-method status="PASS" signature="getAllLaboratoriesTestCase()[pri:0, instance:LabTestCase@3498ed]" name="getAllLaboratoriesTestCase" duration-ms="51" started-at="2017-03-21T12:40:53Z" depends-on-methods="LabTestCase.addLaboratoryTestCase" finished-at="2017-03-21T12:40:53Z">
          <reporter-output>
          </reporter-output>
        </test-method> <!-- getAllLaboratoriesTestCase -->
        <test-method status="PASS" signature="getLabTestRequestByID()[pri:0, instance:LabTestCase@3498ed]" name="getLabTestRequestByID" duration-ms="375" started-at="2017-03-21T12:40:53Z" depends-on-methods="LabTestCase.addLaboratoryTestCase" finished-at="2017-03-21T12:40:53Z">
          <reporter-output>
          </reporter-output>
        </test-method> <!-- getLabTestRequestByID -->
        <test-method status="PASS" signature="updateLaboratoryTestCase()[pri:0, instance:LabTestCase@3498ed]" name="updateLaboratoryTestCase" duration-ms="373" started-at="2017-03-21T12:40:53Z" depends-on-methods="LabTestCase.addLaboratoryTestCase, LabTestCase.getAllLaboratoriesTestCase, LabTestCase.getLabTestRequestByID" finished-at="2017-03-21T12:40:53Z">
          <reporter-output>
          </reporter-output>
        </test-method> <!-- updateLaboratoryTestCase -->
        <test-method status="PASS" signature="deleteLabTestCase()[pri:0, instance:LabTestCase@3498ed]" name="deleteLabTestCase" duration-ms="19" started-at="2017-03-21T12:40:53Z" depends-on-methods="LabTestCase.addLaboratoryTestCase, LabTestCase.getAllLaboratoriesTestCase, LabTestCase.updateLaboratoryTestCase, LabTestCase.getLabTestRequestByID" finished-at="2017-03-21T12:40:53Z">
          <reporter-output>
          </reporter-output>
        </test-method> <!-- deleteLabTestCase -->
      </class> <!-- LabTestCase -->
    </test> <!-- Default test -->
  </suite> <!-- Default suite -->
</testng-results>
