<?xml version="1.0" encoding="UTF-8"?>
<!-- Generated by org.testng.reporters.JUnitXMLReporter -->
<testsuite hostname="NJCreationsLab" tests="55" failures="0" timestamp="23 Mar 2017 05:26:50 GMT" time="10.811" errors="0">
  <testcase name="addAllergyTestCase" time="0.231" classname="AllergyTestCase"/>
  <testcase name="getAllergiesByPatientTestCase" time="0.155" classname="AllergyTestCase"/>
  <testcase name="updateAllergyTestCase" time="0.217" classname="AllergyTestCase"/>
  <testcase name="getAllergiesByAllergyIdTestCase" time="0.219" classname="AllergyTestCase"/>
  <testcase name="addExamTestCase" time="0.224" classname="ExamsTestCase"/>
  <testcase name="getExamsbyVisitIdTestCase" time="0.22" classname="ExamsTestCase"/>
  <testcase name="updateExamTestCase" time="0.214" classname="ExamsTestCase"/>
  <testcase name="getExamsbyExamIdTestCase" time="0.178" classname="ExamsTestCase"/>
  <testcase name="registerPatientTestCase" time="0.143" classname="OutPatientTestCase"/>
  <testcase name="getAllPatientsTestCase" time="1.667" classname="OutPatientTestCase"/>
  <testcase name="getMaxPatientIDTestCase" time="0.027" classname="OutPatientTestCase"/>
  <testcase name="getPatientsForDoctorTestCase" time="1.112" classname="OutPatientTestCase"/>
  <testcase name="updateExamTestCase" time="0.308" classname="OutPatientTestCase"/>
  <testcase name="PatientDetailsTestCase" time="0.093" classname="OutPatientTestCase"/>
  <testcase name="serialNumberForHinTestCase" time="1.603" classname="HinTestCase"/>
  <testcase name="generateChekDigitTestCase" time="0.019" classname="HinTestCase"/>
  <testcase name="getAllAllergyLiveTestCase" time="0.023" classname="OpdLiveSearchTestCase"/>
  <testcase name="getAllInjuryLiveTestCase" time="0.011" classname="OpdLiveSearchTestCase"/>
  <testcase name="addOpdAttachmentTestCase" time="0.1" classname="OpdAttachmentTestCase"/>
  <testcase name="updateOpdAttachmentTestCase" time="0.008" classname="OpdAttachmentTestCase"/>
  <testcase name="getOpdTestRequestByPID" time="0.093" classname="OpdAttachmentTestCase"/>
  <testcase name="getOpdTestRequestByAttachID" time="0.088" classname="OpdAttachmentTestCase"/>
  <testcase name="addOpdQueueTestCase" time="0.277" classname="OpdQueueTestCase"/>
  <testcase name="getOpdQueueCheckinByPID" time="0.211" classname="OpdQueueTestCase"/>
  <testcase name="getOpdQueueCheckoutByPID" time="0.215" classname="OpdQueueTestCase"/>
  <testcase name="getOpdQueueTestRequestByUID" time="0.059" classname="OpdQueueTestCase"/>
  <testcase name="getOpdQueueIsPatientInByPID" time="0.204" classname="OpdQueueTestCase"/>
  <testcase name="getOpdQueueCurrentInByDID" time="0.065" classname="OpdQueueTestCase"/>
  <testcase name="getOpdQueueTreatedByUID" time="0.054" classname="OpdQueueTestCase"/>
  <testcase name="getOpdQueueRediectByUID" time="0.111" classname="OpdQueueTestCase"/>
  <testcase name="getOpdQueueStatusByUID" time="0.006" classname="OpdQueueTestCase"/>
  <testcase name="getOpdSetQueue" time="0.004" classname="OpdQueueTestCase"/>
  <testcase name="getOpdGetQueueType" time="0.004" classname="OpdQueueTestCase"/>
  <testcase name="getOpdHoldQuiueByUID" time="0.016" classname="OpdQueueTestCase"/>
  <testcase name="getOpdQueueNextAssignByPID" time="0.242" classname="OpdQueueTestCase"/>
  <testcase name="addOpdRecordTestCase" time="0.222" classname="OpdRecordTestCase"/>
  <testcase name="getOpdTestRequestByPatientID" time="0.206" classname="OpdRecordTestCase"/>
  <testcase name="updateOpdRecordTestCase" time="0.267" classname="OpdRecordTestCase"/>
  <testcase name="getOpdRecordTestRequestByHID" time="0.191" classname="OpdRecordTestCase"/>
  <testcase name="addOpdVisitTestCase" time="0.161" classname="OpdVisitTestCase"/>
  <testcase name="getOpdVisitRecentRequestByPID" time="0.096" classname="OpdVisitTestCase"/>
  <testcase name="getOpdVisitTestRequestByPID" time="0.083" classname="OpdVisitTestCase"/>
  <testcase name="getOpdVisitForReports" time="0.049" classname="OpdVisitTestCase"/>
  <testcase name="getOpdVisitTestRequestByVisitDate" time="0.089" classname="OpdVisitTestCase"/>
  <testcase name="updateVisitTestCase" time="0.065" classname="OpdVisitTestCase"/>
  <testcase name="getOpdVisitTestByVisitId" time="0.071" classname="OpdVisitTestCase"/>
  <testcase name="addOpdQuestionnaireTestCase" time="0.024" classname="OpdQuestionnaireTestCase"/>
  <testcase name="getAllQuestionnaireTestCase" time="0.016" classname="OpdQuestionnaireTestCase"/>
  <testcase name="getOpdQuestionByQID" time="0.016" classname="OpdQuestionnaireTestCase"/>
  <testcase name="updateQuestionniareTestCase" time="0.01" classname="OpdQuestionnaireTestCase"/>
  <testcase name="getOpdQuestionnaireByVisitType" time="0.017" classname="OpdQuestionnaireTestCase"/>
  <testcase name="getOpdQuestionniareByQID" time="0.0" classname="OpdQuestionnaireTestCase"/>
  <testcase name="saveOpdQuestionAnswer" time="0.303" classname="OpdQuestionnaireTestCase"/>
  <testcase name="updateQuestionAnswerTestCase" time="0.007" classname="OpdQuestionnaireTestCase"/>
  <testcase name="getOpdAnswer" time="0.414" classname="OpdQuestionnaireTestCase"/>
</testsuite>
