<?xml version="1.0" encoding="UTF-8"?>
<!-- Generated by org.testng.reporters.JUnitXMLReporter -->
<testsuite hostname="NJCreationsLab" tests="82" failures="0" timestamp="13 Feb 2017 07:34:57 GMT" time="25.415" errors="0">
  <testcase name="insertLabDepartmentTestCase" time="5.638" classname="LabDepartmentsTestCase"/>
  <testcase name="insertLabTypeTestCase" time="0.093" classname="LabTypeTestCase"/>
  <testcase name="updateLabTypeTestCase" time="0.37" classname="LabTypeTestCase"/>
  <testcase name="getAllLabTestsTestCase" time="0.619" classname="TestNamesTestCase"/>
  <testcase name="insertLabTestsTestCase" time="0.26" classname="TestNamesTestCase"/>
  <testcase name="addMainResultsTestCase" time="1.221" classname="MainResultsTestCase"/>
  <testcase name="addNewCatDetailsTestCase" time="0.375" classname="CategoryTestCase"/>
  <testcase name="getAllSubCategoriesTestCase" time="0.083" classname="SubCategoryTestCase"/>
  <testcase name="getAllSpecimenTypeTestCase" time="0.086" classname="SpecimenTypeTestCase"/>
  <testcase name="getAllSpecimenRetentionTypeByIdTestCase" time="0.24" classname="SpecimenRetentionTypeTestCase"/>
  <testcase name="addNewSubTestFieldTestCase" time="0.109" classname="SubTestFieldsTestCase"/>
  <testcase name="addSubFieldsResultsTestCase" time="0.245" classname="SubTestFieldsResultsTestCase"/>
  <testcase name="addNewLabTestRequestTestCase" time="0.338" classname="LabTestRequestTestCase"/>
  <testcase name="getAllPatientsTestCase" time="1.813" classname="LabTestRequestFiltersTestCase"/>
  <testcase name="addNewSampleCenterTestCase" time="0.141" classname="SampleCenterTestCase"/>
  <testcase name="addSampleCenterTypeTestCase" time="0.034" classname="SampleCenterTypeTestCase"/>
  <testcase name="addLabFieldRangeTestCase" time="0.187" classname="TestFieldsRangeTestCase"/>
  <testcase name="addLabFieldSubRangeTestCase" time="0.193" classname="TestFieldsRangeTestCase"/>
  <testcase name="addLabParentTestCase" time="0.257" classname="ParentTestFieldsTestCase"/>
  <testcase name="generateNewReportTestCase" time="0.414" classname="ReportTestCase"/>
  <testcase name="addLaboratoryTestCase" time="0.161" classname="LabTestCase"/>
  <testcase name="addOPDLabTestRequest" time="0.461" classname="OPDLabTestRequestTestCase"/>
  <testcase name="addPcuLabTestRequestTestCase" time="0.479" classname="PCULabTestRequestTestCase"/>
  <testcase name="getAllLaboratoriesTestCase" time="0.049" classname="LabDepartmentsTestCase"/>
  <testcase name="updateLabDepartmentTestCase" time="0.078" classname="LabDepartmentsTestCase"/>
  <testcase name="deleteLabTypeTestCase" time="0.039" classname="LabTypeTestCase"/>
  <testcase name="getMaxTestIDTestCase" time="0.034" classname="TestNamesTestCase"/>
  <testcase name="updateTestsTestCase" time="0.309" classname="TestNamesTestCase"/>
  <testcase name="getAllMainResultsTestCase" time="0.9" classname="MainResultsTestCase"/>
  <testcase name="getAllSubCategoriesTestCase" time="0.428" classname="MainResultsTestCase"/>
  <testcase name="getAllCategoriesTestCase" time="0.029" classname="CategoryTestCase"/>
  <testcase name="getAllSubCategoriesByIdTestCase" time="0.044" classname="SubCategoryTestCase"/>
  <testcase name="updateSubCategoriesDetailsTestCase" time="0.129" classname="SubCategoryTestCase"/>
  <testcase name="getAllSpecimenTypeByIdTestCase" time="0.061" classname="SpecimenTypeTestCase"/>
  <testcase name="getAllSpecimenRetentionTypeTestCase" time="0.035" classname="SpecimenRetentionTypeTestCase"/>
  <testcase name="getAllSubTestFieldsTestCase" time="0.039" classname="SubTestFieldsTestCase"/>
  <testcase name="getAllLabSubResultsTestCase" time="0.045" classname="SubTestFieldsResultsTestCase"/>
  <testcase name="addSpecimenInfoTestCase" time="0.183" classname="LabTestRequestTestCase"/>
  <testcase name="getAllTestRequestsTestCase" time="1.389" classname="LabTestRequestTestCase"/>
  <testcase name="getAllLabTestRequestByLocationTestCase" time="0.333" classname="LabTestRequestFiltersTestCase"/>
  <testcase name="getAllLabTestRequestByPIDTestCase" time="0.348" classname="LabTestRequestFiltersTestCase"/>
  <testcase name="getAllSampleCentersTestCase" time="0.124" classname="SampleCenterTestCase"/>
  <testcase name="getSampleCentersByLabTypeTestCase" time="0.11" classname="SampleCenterTestCase"/>
  <testcase name="updateSampleCenterDetailsTestCase" time="0.236" classname="SampleCenterTestCase"/>
  <testcase name="getAllSampleCenterTypesTestCase" time="0.029" classname="SampleCenterTypeTestCase"/>
  <testcase name="updateSampleCenterTypesTestCase" time="0.06" classname="SampleCenterTypeTestCase"/>
  <testcase name="getAllLabRangeTestCase" time="0.065" classname="TestFieldsRangeTestCase"/>
  <testcase name="getAllLabParentTestCase" time="0.04" classname="ParentTestFieldsTestCase"/>
  <testcase name="getAllReportTestCase" time="0.345" classname="ReportTestCase"/>
  <testcase name="getAllLaboratoriesTestCase" time="0.158" classname="LabTestCase"/>
  <testcase name="getLabTestRequestByID" time="0.207" classname="LabTestCase"/>
  <testcase name="getAllOPDLabTestRequests" time="0.297" classname="OPDLabTestRequestTestCase"/>
  <testcase name="getOPDLabRequestsByPatient" time="0.414" classname="OPDLabTestRequestTestCase"/>
  <testcase name="getOPDLabRequestsByVisit" time="0.458" classname="OPDLabTestRequestTestCase"/>
  <testcase name="updateOPDLabRequests" time="0.817" classname="OPDLabTestRequestTestCase"/>
  <testcase name="getAllPcuLabTestCase" time="0.03" classname="PCULabTestRequestTestCase"/>
  <testcase name="getPcuLabTestByAdminID" time="0.395" classname="PCULabTestRequestTestCase"/>
  <testcase name="getPcuLabTestByPatientID" time="0.346" classname="PCULabTestRequestTestCase"/>
  <testcase name="deleteLabTypeTestCase" time="0.044" classname="LabDepartmentsTestCase"/>
  <testcase name="deleteLabTestsTestCase" time="0.054" classname="TestNamesTestCase"/>
  <testcase name="updateCategoriesDetailsTestCase" time="0.071" classname="CategoryTestCase"/>
  <testcase name="deleteSubCategoryTestCase" time="0.032" classname="SubCategoryTestCase"/>
  <testcase name="GetMaxSubTestFieldTestCase" time="0.029" classname="SubTestFieldsTestCase"/>
  <testcase name="GetTestSubFieldsTestCase" time="0.102" classname="SubTestFieldsTestCase"/>
  <testcase name="getSpecimenByRequestIDTestCase" time="0.042" classname="LabTestRequestTestCase"/>
  <testcase name="getTestRequestByRequestIDTestCase" time="0.07" classname="LabTestRequestTestCase"/>
  <testcase name="deleteSampleCenterTestCase" time="0.056" classname="SampleCenterTestCase"/>
  <testcase name="deleteSampleCenterTypeTestCase" time="0.032" classname="SampleCenterTypeTestCase"/>
  <testcase name="getAllLabParentByIDTestCase" time="0.129" classname="ParentTestFieldsTestCase"/>
  <testcase name="getMaxParentIDTestCase" time="0.031" classname="ParentTestFieldsTestCase"/>
  <testcase name="updateLaboratoryTestCase" time="0.21" classname="LabTestCase"/>
  <testcase name="deleteOPDLabTestRequest" time="0.437" classname="OPDLabTestRequestTestCase"/>
  <testcase name="getPcuLabTestByReqID" time="0.399" classname="PCULabTestRequestTestCase"/>
  <testcase name="deleteCategoryTestCase" time="0.031" classname="CategoryTestCase"/>
  <testcase name="getSpecimenIDByRequestIDTestCase" time="0.033" classname="LabTestRequestTestCase"/>
  <testcase name="deleteLabTestCase" time="0.03" classname="LabTestCase"/>
  <testcase name="updatePCULabRequests" time="0.258" classname="PCULabTestRequestTestCase"/>
  <testcase name="getAllSpecimenTypeTestCase" time="0.028" classname="LabTestRequestTestCase"/>
  <testcase name="deleteOPDLabTestRequest" time="0.441" classname="PCULabTestRequestTestCase"/>
  <testcase name="getAllSpecimenRetTypesTestCase" time="0.023" classname="LabTestRequestTestCase"/>
  <testcase name="getRequestsByPatientIDTestCase" time="0.118" classname="LabTestRequestTestCase"/>
  <testcase name="setStatusTestCase" time="0.103" classname="LabTestRequestTestCase"/>
</testsuite>
