<?xml version="1.0" encoding="UTF-8"?>
<!-- Generated by org.testng.reporters.JUnitXMLReporter -->
<testsuite hostname="NJCreationsLab" tests="58" failures="0" timestamp="23 Mar 2017 05:27:08 GMT" time="11.869" errors="0">
  <testcase name="addWardTestCase" time="0.19" classname="AdmissionResourceTestCase"/>
  <testcase name="CreateInternalTransfer" time="0.22" classname="InternalTransferResourceTestCase"/>
  <testcase name="getInternalTransferByBHTNo" time="0.27" classname="InternalTransferResourceTestCase"/>
  <testcase name="CreateExternalTransfer" time="0.042" classname="ExternalTransferResourseTestCase"/>
  <testcase name="addAdmissionRequest" time="0.191" classname="AdmissionRequestResourceTestCase"/>
  <testcase name="AddWardTestCase" time="0.023" classname="WardTestCase"/>
  <testcase name="addNewDiabeticchartDetailsTestCase" time="0.225" classname="DiabeticChartTestCase"/>
  <testcase name="AddInwardNurseNoteTestCase" time="0.197" classname="InwardNurseNoteTestCase"/>
  <testcase name="AddPresceiptionTermTestCase" time="0.211" classname="PrescriptionTermTestCase"/>
  <testcase name="addBedTestCase" time="0.031" classname="BedTestCase"/>
  <testcase name="getAllBedByWardNoTestCase" time="0.264" classname="BedTestCase"/>
  <testcase name="getBedByWardNoAndBedNoTestCase" time="0.026" classname="BedTestCase"/>
  <testcase name="getFreeBedByWardNoTestCase" time="0.022" classname="BedTestCase"/>
  <testcase name="addDiagnose" time="0.236" classname="DiagnoseResourceTestcase"/>
  <testcase name="addNewTempchartDetails" time="0.244" classname="TempreturechartTestcase"/>
  <testcase name="addNewPrescrptionItemTestCase" time="0.198" classname="TempPrescribeResourceTestCase"/>
  <testcase name="addNewchartDetails" time="0.238" classname="LiquidBalanceTestCase"/>
  <testcase name="getPatientInformationByBHTNoTestCase" time="0.273" classname="AdmissionResourceTestCase"/>
  <testcase name="getWardAdmissionByPatientIDTestCase" time="0.228" classname="AdmissionResourceTestCase"/>
  <testcase name="getWardAdmissionByWardNoTestCase" time="0.091" classname="AdmissionResourceTestCase"/>
  <testcase name="getWardAdmissionDetailsByBHTNoTestCase" time="0.225" classname="AdmissionResourceTestCase"/>
  <testcase name="getWardAdmissionTestCase" time="0.425" classname="AdmissionResourceTestCase"/>
  <testcase name="updateAdmissionBedNoTestCase" time="0.363" classname="AdmissionResourceTestCase"/>
  <testcase name="updateDischargeSignTestCase" time="0.249" classname="AdmissionResourceTestCase"/>
  <testcase name="updateDischargeTestCase" time="0.26" classname="AdmissionResourceTestCase"/>
  <testcase name="getInternalTransferByID" time="0.233" classname="InternalTransferResourceTestCase"/>
  <testcase name="getNotReadInternalTransferByWard" time="0.253" classname="InternalTransferResourceTestCase"/>
  <testcase name="getSelectInternalTransfer" time="0.2" classname="InternalTransferResourceTestCase"/>
  <testcase name="updateInternalTransfer" time="0.284" classname="InternalTransferResourceTestCase"/>
  <testcase name="getSelectInternalTransfer" time="0.024" classname="ExternalTransferResourseTestCase"/>
  <testcase name="getNotReadAdmissionRequestByWard" time="0.556" classname="AdmissionRequestResourceTestCase"/>
  <testcase name="getSelectAdmissionReq" time="0.247" classname="AdmissionRequestResourceTestCase"/>
  <testcase name="updateAdmissionRequest" time="0.342" classname="AdmissionRequestResourceTestCase"/>
  <testcase name="getWardByWardNoTestCase" time="0.008" classname="WardTestCase"/>
  <testcase name="getWardTestCase" time="0.033" classname="WardTestCase"/>
  <testcase name="updateWardDetailsTestCase" time="0.031" classname="WardTestCase"/>
  <testcase name="getAllChartTestCase" time="0.273" classname="DiabeticChartTestCase"/>
  <testcase name="getDiabeticChartByBHTNoTestCase" time="0.27" classname="DiabeticChartTestCase"/>
  <testcase name="getDiabeticChartByBHTno" time="0.232" classname="InwardNurseNoteTestCase"/>
  <testcase name="getNurseNote" time="0.25" classname="InwardNurseNoteTestCase"/>
  <testcase name="getTermPrescriptionByBHTno" time="0.189" classname="PrescriptionTermTestCase"/>
  <testcase name="updateBedTestCase" time="0.017" classname="BedTestCase"/>
  <testcase name="getDiagnoseByBHTNo" time="0.204" classname="DiagnoseResourceTestcase"/>
  <testcase name="TemperaturechartResource" time="0.348" classname="TempreturechartTestcase"/>
  <testcase name="getDiabeticChartByBHTNoTestCase" time="0.197" classname="TempreturechartTestcase"/>
  <testcase name="getPrescrptionItemsByTermID" time="0.205" classname="TempPrescribeResourceTestCase"/>
  <testcase name="getChartDetails" time="0.229" classname="LiquidBalanceTestCase"/>
  <testcase name="getDiabeticChartByBHTNo" time="0.207" classname="LiquidBalanceTestCase"/>
  <testcase name="DeleteWardTestCase" time="0.031" classname="WardTestCase"/>
  <testcase name="UpdateTermPrescrptionTestCase" time="0.307" classname="PrescriptionTermTestCase"/>
  <testcase name="UpdatePrescrptionItem" time="0.2" classname="TempPrescribeResourceTestCase"/>
  <testcase name="UpdateTermPrescrptionTestCase" time="0.208" classname="InwardNurseNoteTestCase"/>
  <testcase name="getMaxTermIdByUserId" time="0.284" classname="PrescriptionItemTestCase"/>
  <testcase name="deleteWard" time="0.028" classname="TempPrescribeResourceTestCase"/>
  <testcase name="AddPrescriptionItem" time="0.224" classname="PrescriptionItemTestCase"/>
  <testcase name="getPrescriptionItemByBHTno" time="0.282" classname="PrescriptionItemTestCase"/>
  <testcase name="getPrescriptionItemByTermID" time="0.204" classname="PrescriptionItemTestCase"/>
  <testcase name="UpdatePrescrptionItemTestCase" time="0.219" classname="PrescriptionItemTestCase"/>
</testsuite>
