<?xml version="1.0" encoding="UTF-8"?>
<!-- Generated by org.testng.reporters.JUnitXMLReporter -->
<testsuite hostname="NJCreationsLab" tests="55" failures="0" timestamp="13 Mar 2017 10:46:26 GMT" time="9.624" errors="0">
  <testcase name="addAllergyTestCase" time="0.239" classname="AllergyTestCase"/>
  <testcase name="getAllergiesByPatientTestCase" time="0.175" classname="AllergyTestCase"/>
  <testcase name="updateAllergyTestCase" time="0.173" classname="AllergyTestCase"/>
  <testcase name="getAllergiesByAllergyIdTestCase" time="0.138" classname="AllergyTestCase"/>
  <testcase name="addExamTestCase" time="0.198" classname="ExamsTestCase"/>
  <testcase name="getExamsbyVisitIdTestCase" time="0.109" classname="ExamsTestCase"/>
  <testcase name="updateExamTestCase" time="0.216" classname="ExamsTestCase"/>
  <testcase name="getExamsbyExamIdTestCase" time="0.174" classname="ExamsTestCase"/>
  <testcase name="registerPatientTestCase" time="0.118" classname="OutPatientTestCase"/>
  <testcase name="getAllPatientsTestCase" time="1.269" classname="OutPatientTestCase"/>
  <testcase name="getMaxPatientIDTestCase" time="0.036" classname="OutPatientTestCase"/>
  <testcase name="getPatientsForDoctorTestCase" time="1.095" classname="OutPatientTestCase"/>
  <testcase name="updateExamTestCase" time="0.117" classname="OutPatientTestCase"/>
  <testcase name="PatientDetailsTestCase" time="0.09" classname="OutPatientTestCase"/>
  <testcase name="serialNumberForHinTestCase" time="1.28" classname="HinTestCase"/>
  <testcase name="generateChekDigitTestCase" time="0.024" classname="HinTestCase"/>
  <testcase name="getAllAllergyLiveTestCase" time="0.023" classname="OpdLiveSearchTestCase"/>
  <testcase name="getAllInjuryLiveTestCase" time="0.01" classname="OpdLiveSearchTestCase"/>
  <testcase name="addOpdAttachmentTestCase" time="0.092" classname="OpdAttachmentTestCase"/>
  <testcase name="updateOpdAttachmentTestCase" time="0.003" classname="OpdAttachmentTestCase"/>
  <testcase name="getOpdTestRequestByPID" time="0.128" classname="OpdAttachmentTestCase"/>
  <testcase name="getOpdTestRequestByAttachID" time="0.152" classname="OpdAttachmentTestCase"/>
  <testcase name="addOpdQueueTestCase" time="0.242" classname="OpdQueueTestCase"/>
  <testcase name="getOpdQueueCheckinByPID" time="0.211" classname="OpdQueueTestCase"/>
  <testcase name="getOpdQueueCheckoutByPID" time="0.291" classname="OpdQueueTestCase"/>
  <testcase name="getOpdQueueTestRequestByUID" time="0.111" classname="OpdQueueTestCase"/>
  <testcase name="getOpdQueueIsPatientInByPID" time="0.201" classname="OpdQueueTestCase"/>
  <testcase name="getOpdQueueCurrentInByDID" time="0.063" classname="OpdQueueTestCase"/>
  <testcase name="getOpdQueueTreatedByUID" time="0.068" classname="OpdQueueTestCase"/>
  <testcase name="getOpdQueueRediectByUID" time="0.113" classname="OpdQueueTestCase"/>
  <testcase name="getOpdQueueStatusByUID" time="0.015" classname="OpdQueueTestCase"/>
  <testcase name="getOpdSetQueue" time="0.0" classname="OpdQueueTestCase"/>
  <testcase name="getOpdGetQueueType" time="0.0" classname="OpdQueueTestCase"/>
  <testcase name="getOpdHoldQuiueByUID" time="0.016" classname="OpdQueueTestCase"/>
  <testcase name="getOpdQueueNextAssignByPID" time="0.322" classname="OpdQueueTestCase"/>
  <testcase name="addOpdRecordTestCase" time="0.153" classname="OpdRecordTestCase"/>
  <testcase name="getOpdTestRequestByPatientID" time="0.203" classname="OpdRecordTestCase"/>
  <testcase name="updateOpdRecordTestCase" time="0.264" classname="OpdRecordTestCase"/>
  <testcase name="getOpdRecordTestRequestByHID" time="0.305" classname="OpdRecordTestCase"/>
  <testcase name="addOpdVisitTestCase" time="0.124" classname="OpdVisitTestCase"/>
  <testcase name="getOpdVisitRecentRequestByPID" time="0.073" classname="OpdVisitTestCase"/>
  <testcase name="getOpdVisitTestRequestByPID" time="0.072" classname="OpdVisitTestCase"/>
  <testcase name="getOpdVisitForReports" time="0.05" classname="OpdVisitTestCase"/>
  <testcase name="getOpdVisitTestRequestByVisitDate" time="0.087" classname="OpdVisitTestCase"/>
  <testcase name="updateVisitTestCase" time="0.088" classname="OpdVisitTestCase"/>
  <testcase name="getOpdVisitTestByVisitId" time="0.047" classname="OpdVisitTestCase"/>
  <testcase name="addOpdQuestionnaireTestCase" time="0.039" classname="OpdQuestionnaireTestCase"/>
  <testcase name="getAllQuestionnaireTestCase" time="0.017" classname="OpdQuestionnaireTestCase"/>
  <testcase name="getOpdQuestionByQID" time="0.013" classname="OpdQuestionnaireTestCase"/>
  <testcase name="updateQuestionniareTestCase" time="0.005" classname="OpdQuestionnaireTestCase"/>
  <testcase name="getOpdQuestionnaireByVisitType" time="0.015" classname="OpdQuestionnaireTestCase"/>
  <testcase name="getOpdQuestionniareByQID" time="0.016" classname="OpdQuestionnaireTestCase"/>
  <testcase name="saveOpdQuestionAnswer" time="0.254" classname="OpdQuestionnaireTestCase"/>
  <testcase name="updateQuestionAnswerTestCase" time="0.0" classname="OpdQuestionnaireTestCase"/>
  <testcase name="getOpdAnswer" time="0.193" classname="OpdQuestionnaireTestCase"/>
</testsuite>
