<?xml version="1.0" encoding="UTF-8"?>
<!-- Generated by org.testng.reporters.JUnitXMLReporter -->
<testsuite hostname="NJCreationsLab" tests="58" failures="0" timestamp="13 Mar 2017 10:46:41 GMT" time="10.832" errors="0">
  <testcase name="addWardTestCase" time="0.221" classname="AdmissionResourceTestCase"/>
  <testcase name="CreateInternalTransfer" time="0.245" classname="InternalTransferResourceTestCase"/>
  <testcase name="getInternalTransferByBHTNo" time="0.258" classname="InternalTransferResourceTestCase"/>
  <testcase name="CreateExternalTransfer" time="0.048" classname="ExternalTransferResourseTestCase"/>
  <testcase name="addAdmissionRequest" time="0.208" classname="AdmissionRequestResourceTestCase"/>
  <testcase name="AddWardTestCase" time="0.038" classname="WardTestCase"/>
  <testcase name="addNewDiabeticchartDetailsTestCase" time="0.21" classname="DiabeticChartTestCase"/>
  <testcase name="AddInwardNurseNoteTestCase" time="0.194" classname="InwardNurseNoteTestCase"/>
  <testcase name="AddPresceiptionTermTestCase" time="0.207" classname="PrescriptionTermTestCase"/>
  <testcase name="addBedTestCase" time="0.03" classname="BedTestCase"/>
  <testcase name="getAllBedByWardNoTestCase" time="0.192" classname="BedTestCase"/>
  <testcase name="getBedByWardNoAndBedNoTestCase" time="0.033" classname="BedTestCase"/>
  <testcase name="getFreeBedByWardNoTestCase" time="0.023" classname="BedTestCase"/>
  <testcase name="addDiagnose" time="0.219" classname="DiagnoseResourceTestcase"/>
  <testcase name="addNewTempchartDetails" time="0.251" classname="TempreturechartTestcase"/>
  <testcase name="addNewPrescrptionItemTestCase" time="0.181" classname="TempPrescribeResourceTestCase"/>
  <testcase name="addNewchartDetails" time="0.265" classname="LiquidBalanceTestCase"/>
  <testcase name="getPatientInformationByBHTNoTestCase" time="0.211" classname="AdmissionResourceTestCase"/>
  <testcase name="getWardAdmissionByPatientIDTestCase" time="0.181" classname="AdmissionResourceTestCase"/>
  <testcase name="getWardAdmissionByWardNoTestCase" time="0.088" classname="AdmissionResourceTestCase"/>
  <testcase name="getWardAdmissionDetailsByBHTNoTestCase" time="0.22" classname="AdmissionResourceTestCase"/>
  <testcase name="getWardAdmissionTestCase" time="0.483" classname="AdmissionResourceTestCase"/>
  <testcase name="updateAdmissionBedNoTestCase" time="0.309" classname="AdmissionResourceTestCase"/>
  <testcase name="updateDischargeSignTestCase" time="0.272" classname="AdmissionResourceTestCase"/>
  <testcase name="updateDischargeTestCase" time="0.228" classname="AdmissionResourceTestCase"/>
  <testcase name="getInternalTransferByID" time="0.17" classname="InternalTransferResourceTestCase"/>
  <testcase name="getNotReadInternalTransferByWard" time="0.2" classname="InternalTransferResourceTestCase"/>
  <testcase name="getSelectInternalTransfer" time="0.239" classname="InternalTransferResourceTestCase"/>
  <testcase name="updateInternalTransfer" time="0.216" classname="InternalTransferResourceTestCase"/>
  <testcase name="getSelectInternalTransfer" time="0.009" classname="ExternalTransferResourseTestCase"/>
  <testcase name="getNotReadAdmissionRequestByWard" time="0.478" classname="AdmissionRequestResourceTestCase"/>
  <testcase name="getSelectAdmissionReq" time="0.215" classname="AdmissionRequestResourceTestCase"/>
  <testcase name="updateAdmissionRequest" time="0.281" classname="AdmissionRequestResourceTestCase"/>
  <testcase name="getWardByWardNoTestCase" time="0.017" classname="WardTestCase"/>
  <testcase name="getWardTestCase" time="0.006" classname="WardTestCase"/>
  <testcase name="updateWardDetailsTestCase" time="0.031" classname="WardTestCase"/>
  <testcase name="getAllChartTestCase" time="0.233" classname="DiabeticChartTestCase"/>
  <testcase name="getDiabeticChartByBHTNoTestCase" time="0.183" classname="DiabeticChartTestCase"/>
  <testcase name="getDiabeticChartByBHTno" time="0.169" classname="InwardNurseNoteTestCase"/>
  <testcase name="getNurseNote" time="0.217" classname="InwardNurseNoteTestCase"/>
  <testcase name="getTermPrescriptionByBHTno" time="0.199" classname="PrescriptionTermTestCase"/>
  <testcase name="updateBedTestCase" time="0.018" classname="BedTestCase"/>
  <testcase name="getDiagnoseByBHTNo" time="0.224" classname="DiagnoseResourceTestcase"/>
  <testcase name="TemperaturechartResource" time="0.222" classname="TempreturechartTestcase"/>
  <testcase name="getDiabeticChartByBHTNoTestCase" time="0.177" classname="TempreturechartTestcase"/>
  <testcase name="getPrescrptionItemsByTermID" time="0.195" classname="TempPrescribeResourceTestCase"/>
  <testcase name="getChartDetails" time="0.262" classname="LiquidBalanceTestCase"/>
  <testcase name="getDiabeticChartByBHTNo" time="0.159" classname="LiquidBalanceTestCase"/>
  <testcase name="DeleteWardTestCase" time="0.031" classname="WardTestCase"/>
  <testcase name="UpdateTermPrescrptionTestCase" time="0.234" classname="PrescriptionTermTestCase"/>
  <testcase name="UpdatePrescrptionItem" time="0.158" classname="TempPrescribeResourceTestCase"/>
  <testcase name="UpdateTermPrescrptionTestCase" time="0.204" classname="InwardNurseNoteTestCase"/>
  <testcase name="getMaxTermIdByUserId" time="0.262" classname="PrescriptionItemTestCase"/>
  <testcase name="deleteWard" time="0.029" classname="TempPrescribeResourceTestCase"/>
  <testcase name="AddPrescriptionItem" time="0.223" classname="PrescriptionItemTestCase"/>
  <testcase name="getPrescriptionItemByBHTno" time="0.184" classname="PrescriptionItemTestCase"/>
  <testcase name="getPrescriptionItemByTermID" time="0.286" classname="PrescriptionItemTestCase"/>
  <testcase name="UpdatePrescrptionItemTestCase" time="0.241" classname="PrescriptionItemTestCase"/>
</testsuite>
