<?xml version="1.0" encoding="UTF-8"?>
<!-- Generated by org.testng.reporters.JUnitXMLReporter -->
<testsuite hostname="NJCreationsLab" tests="35" failures="0" timestamp="27 Apr 2017 08:38:34 GMT" time="10.685" errors="0">
  <testcase name="addPrescriptionTestCase" time="0.494" classname="PrescriptionTestCase"/>
  <testcase name="getPrescriptionsByPatientTestCase" time="0.278" classname="PrescriptionTestCase"/>
  <testcase name="getPrescriptionsByPrescriptionTestCase" time="0.227" classname="PrescriptionTestCase"/>
  <testcase name="updatePrescriptionTestCase" time="0.475" classname="PrescriptionTestCase"/>
  <testcase name="addFrequencyTestCase" time="0.0" classname="DrugTestCase"/>
  <testcase name="getAllDosagesTestCase" time="0.033" classname="DrugTestCase"/>
  <testcase name="getAllDrugCategoriesTestCase" time="0.126" classname="DrugTestCase"/>
  <testcase name="getAllDrugReportsTestCase" time="0.136" classname="DrugTestCase"/>
  <testcase name="getAllDrugsTestCase" time="3.405" classname="DrugTestCase"/>
  <testcase name="getDrugDetailsTestCase" time="0.132" classname="DrugTestCase"/>
  <testcase name="getMailHistoryTestCase" time="0.028" classname="DrugTestCase"/>
  <testcase name="getPharmFrequencyTestCase" time="0.115" classname="DrugTestCase"/>
  <testcase name="insertDrugTestCase" time="0.13" classname="DrugTestCase"/>
  <testcase name="saveDosageTestCase" time="0.021" classname="DrugTestCase"/>
  <testcase name="addPharmacyTestCase" time="0.042" classname="ParmacyTestCase"/>
  <testcase name="loadPharmacyTestCase" time="0.018" classname="ParmacyTestCase"/>
  <testcase name="addDrugBatchTestCase" time="2.308" classname="DrugTestCase"/>
  <testcase name="getAllDrugNamesTestCase" time="0.118" classname="DrugTestCase"/>
  <testcase name="updateDrugTestCase" time="0.185" classname="DrugTestCase"/>
  <testcase name="updateFrequencyTestCase" time="0.036" classname="DrugTestCase"/>
  <testcase name="dispenseDrugTestCase" time="0.578" classname="DrugTestCase"/>
  <testcase name="getAllBatchNamesByDnameTestCase" time="0.091" classname="DrugTestCase"/>
  <testcase name="getDrugByCategoryTestCase" time="0.153" classname="DrugTestCase"/>
  <testcase name="getDrugByIdTestCase" time="0.107" classname="DrugTestCase"/>
  <testcase name="getDrugDetailsByCategoryTestCase" time="0.116" classname="DrugTestCase"/>
  <testcase name="getDrugDetailsByDNameTestCase" time="0.101" classname="DrugTestCase"/>
  <testcase name="getDrugDetailsByDrugNameTestCase" time="0.134" classname="DrugTestCase"/>
  <testcase name="getDrugDetailsWithParamTestCase" time="0.118" classname="DrugTestCase"/>
  <testcase name="getDrugIdByDNameTestCase" time="0.114" classname="DrugTestCase"/>
  <testcase name="insertMailTestCase" time="0.101" classname="DrugTestCase"/>
  <testcase name="requestDrugTestCase" time="0.184" classname="DrugTestCase"/>
  <testcase name="updateDrugBatchTestCase" time="0.116" classname="DrugTestCase"/>
  <testcase name="getPrecriptionListbyDateTestCase" time="0.154" classname="DrugTestCase"/>
  <testcase name="getAllRequestsTestCase" time="0.136" classname="DrugTestCase"/>
  <testcase name="approveDrugRequestTestCase" time="0.139" classname="DrugTestCase"/>
</testsuite>
