<?xml version="1.0" encoding="UTF-8"?>
<!-- Generated by org.testng.reporters.JUnitXMLReporter -->
<testsuite hostname="NJCreationsLab" tests="82" failures="0" timestamp="23 Mar 2017 05:26:39 GMT" time="16.389" errors="0">
  <testcase name="insertLabDepartmentTestCase" time="0.283" classname="LabDepartmentsTestCase"/>
  <testcase name="insertLabTypeTestCase" time="0.076" classname="LabTypeTestCase"/>
  <testcase name="updateLabTypeTestCase" time="0.062" classname="LabTypeTestCase"/>
  <testcase name="getAllLabTestsTestCase" time="0.291" classname="TestNamesTestCase"/>
  <testcase name="insertLabTestsTestCase" time="0.197" classname="TestNamesTestCase"/>
  <testcase name="addMainResultsTestCase" time="0.929" classname="MainResultsTestCase"/>
  <testcase name="addNewCatDetailsTestCase" time="0.325" classname="CategoryTestCase"/>
  <testcase name="getAllSubCategoriesTestCase" time="0.078" classname="SubCategoryTestCase"/>
  <testcase name="getAllSpecimenTypeTestCase" time="0.059" classname="SpecimenTypeTestCase"/>
  <testcase name="getAllSpecimenRetentionTypeByIdTestCase" time="0.138" classname="SpecimenRetentionTypeTestCase"/>
  <testcase name="addNewSubTestFieldTestCase" time="0.092" classname="SubTestFieldsTestCase"/>
  <testcase name="addSubFieldsResultsTestCase" time="0.266" classname="SubTestFieldsResultsTestCase"/>
  <testcase name="addNewLabTestRequestTestCase" time="0.201" classname="LabTestRequestTestCase"/>
  <testcase name="getAllPatientsTestCase" time="2.027" classname="LabTestRequestFiltersTestCase"/>
  <testcase name="addNewSampleCenterTestCase" time="0.269" classname="SampleCenterTestCase"/>
  <testcase name="addSampleCenterTypeTestCase" time="0.068" classname="SampleCenterTypeTestCase"/>
  <testcase name="addLabFieldRangeTestCase" time="0.155" classname="TestFieldsRangeTestCase"/>
  <testcase name="addLabFieldSubRangeTestCase" time="0.251" classname="TestFieldsRangeTestCase"/>
  <testcase name="addLabParentTestCase" time="0.295" classname="ParentTestFieldsTestCase"/>
  <testcase name="generateNewReportTestCase" time="0.468" classname="ReportTestCase"/>
  <testcase name="addLaboratoryTestCase" time="0.112" classname="LabTestCase"/>
  <testcase name="addOPDLabTestRequest" time="0.369" classname="OPDLabTestRequestTestCase"/>
  <testcase name="addPcuLabTestRequestTestCase" time="0.323" classname="PCULabTestRequestTestCase"/>
  <testcase name="getAllLaboratoriesTestCase" time="0.034" classname="LabDepartmentsTestCase"/>
  <testcase name="updateLabDepartmentTestCase" time="0.077" classname="LabDepartmentsTestCase"/>
  <testcase name="deleteLabTypeTestCase" time="0.038" classname="LabTypeTestCase"/>
  <testcase name="getMaxTestIDTestCase" time="0.032" classname="TestNamesTestCase"/>
  <testcase name="updateTestsTestCase" time="0.237" classname="TestNamesTestCase"/>
  <testcase name="getAllMainResultsTestCase" time="0.934" classname="MainResultsTestCase"/>
  <testcase name="getAllSubCategoriesTestCase" time="0.436" classname="MainResultsTestCase"/>
  <testcase name="getAllCategoriesTestCase" time="0.045" classname="CategoryTestCase"/>
  <testcase name="getAllSubCategoriesByIdTestCase" time="0.015" classname="SubCategoryTestCase"/>
  <testcase name="updateSubCategoriesDetailsTestCase" time="0.112" classname="SubCategoryTestCase"/>
  <testcase name="getAllSpecimenTypeByIdTestCase" time="0.031" classname="SpecimenTypeTestCase"/>
  <testcase name="getAllSpecimenRetentionTypeTestCase" time="0.033" classname="SpecimenRetentionTypeTestCase"/>
  <testcase name="getAllSubTestFieldsTestCase" time="0.023" classname="SubTestFieldsTestCase"/>
  <testcase name="getAllLabSubResultsTestCase" time="0.042" classname="SubTestFieldsResultsTestCase"/>
  <testcase name="addSpecimenInfoTestCase" time="0.161" classname="LabTestRequestTestCase"/>
  <testcase name="getAllTestRequestsTestCase" time="0.656" classname="LabTestRequestTestCase"/>
  <testcase name="getAllLabTestRequestByLocationTestCase" time="0.227" classname="LabTestRequestFiltersTestCase"/>
  <testcase name="getAllLabTestRequestByPIDTestCase" time="0.265" classname="LabTestRequestFiltersTestCase"/>
  <testcase name="getAllSampleCentersTestCase" time="0.14" classname="SampleCenterTestCase"/>
  <testcase name="getSampleCentersByLabTypeTestCase" time="0.106" classname="SampleCenterTestCase"/>
  <testcase name="updateSampleCenterDetailsTestCase" time="0.188" classname="SampleCenterTestCase"/>
  <testcase name="getAllSampleCenterTypesTestCase" time="0.031" classname="SampleCenterTypeTestCase"/>
  <testcase name="updateSampleCenterTypesTestCase" time="0.075" classname="SampleCenterTypeTestCase"/>
  <testcase name="getAllLabRangeTestCase" time="0.074" classname="TestFieldsRangeTestCase"/>
  <testcase name="getAllLabParentTestCase" time="0.048" classname="ParentTestFieldsTestCase"/>
  <testcase name="getAllReportTestCase" time="0.308" classname="ReportTestCase"/>
  <testcase name="getAllLaboratoriesTestCase" time="0.119" classname="LabTestCase"/>
  <testcase name="getLabTestRequestByID" time="0.13" classname="LabTestCase"/>
  <testcase name="getAllOPDLabTestRequests" time="0.257" classname="OPDLabTestRequestTestCase"/>
  <testcase name="getOPDLabRequestsByPatient" time="0.293" classname="OPDLabTestRequestTestCase"/>
  <testcase name="getOPDLabRequestsByVisit" time="0.292" classname="OPDLabTestRequestTestCase"/>
  <testcase name="updateOPDLabRequests" time="0.265" classname="OPDLabTestRequestTestCase"/>
  <testcase name="getAllPcuLabTestCase" time="0.037" classname="PCULabTestRequestTestCase"/>
  <testcase name="getPcuLabTestByAdminID" time="0.419" classname="PCULabTestRequestTestCase"/>
  <testcase name="getPcuLabTestByPatientID" time="0.218" classname="PCULabTestRequestTestCase"/>
  <testcase name="deleteLabTypeTestCase" time="0.037" classname="LabDepartmentsTestCase"/>
  <testcase name="deleteLabTestsTestCase" time="0.033" classname="TestNamesTestCase"/>
  <testcase name="updateCategoriesDetailsTestCase" time="0.048" classname="CategoryTestCase"/>
  <testcase name="deleteSubCategoryTestCase" time="0.038" classname="SubCategoryTestCase"/>
  <testcase name="GetMaxSubTestFieldTestCase" time="0.041" classname="SubTestFieldsTestCase"/>
  <testcase name="GetTestSubFieldsTestCase" time="0.089" classname="SubTestFieldsTestCase"/>
  <testcase name="getSpecimenByRequestIDTestCase" time="0.063" classname="LabTestRequestTestCase"/>
  <testcase name="getTestRequestByRequestIDTestCase" time="0.062" classname="LabTestRequestTestCase"/>
  <testcase name="deleteSampleCenterTestCase" time="0.051" classname="SampleCenterTestCase"/>
  <testcase name="deleteSampleCenterTypeTestCase" time="0.113" classname="SampleCenterTypeTestCase"/>
  <testcase name="getAllLabParentByIDTestCase" time="0.158" classname="ParentTestFieldsTestCase"/>
  <testcase name="getMaxParentIDTestCase" time="0.032" classname="ParentTestFieldsTestCase"/>
  <testcase name="updateLaboratoryTestCase" time="0.33" classname="LabTestCase"/>
  <testcase name="deleteOPDLabTestRequest" time="0.33" classname="OPDLabTestRequestTestCase"/>
  <testcase name="getPcuLabTestByReqID" time="0.249" classname="PCULabTestRequestTestCase"/>
  <testcase name="deleteCategoryTestCase" time="0.031" classname="CategoryTestCase"/>
  <testcase name="getSpecimenIDByRequestIDTestCase" time="0.017" classname="LabTestRequestTestCase"/>
  <testcase name="deleteLabTestCase" time="0.031" classname="LabTestCase"/>
  <testcase name="updatePCULabRequests" time="0.229" classname="PCULabTestRequestTestCase"/>
  <testcase name="getAllSpecimenTypeTestCase" time="0.02" classname="LabTestRequestTestCase"/>
  <testcase name="deleteOPDLabTestRequest" time="0.248" classname="PCULabTestRequestTestCase"/>
  <testcase name="getAllSpecimenRetTypesTestCase" time="0.02" classname="LabTestRequestTestCase"/>
  <testcase name="getRequestsByPatientIDTestCase" time="0.071" classname="LabTestRequestTestCase"/>
  <testcase name="setStatusTestCase" time="0.062" classname="LabTestRequestTestCase"/>
</testsuite>
