<?xml version="1.0" encoding="UTF-8"?>
<!-- Generated by org.testng.reporters.JUnitReportReporter -->
<testsuite hostname="Hansi-PC" name="LabTestRequestResourceTest" tests="6" failures="1" timestamp="25 Nov 2016 07:02:34 GMT" time="0.983" errors="0">
  <testcase name="getAllSpecimenRetType" time="0.043" classname="LabTestRequestResourceTest"/>
  <testcase name="getAllTestRequests" time="0.887" classname="LabTestRequestResourceTest"/>
  <testcase name="addSpecimenInfo" time="0.013" classname="LabTestRequestResourceTest">
    <failure type="java.io.FileNotFoundException" message="http://localhost:8080/HIS_API/restaddSpecimenInfo">
      <![CDATA[java.io.FileNotFoundException: http://localhost:8080/HIS_API/restaddSpecimenInfo
	at sun.net.www.protocol.http.HttpURLConnection.getInputStream0(Unknown Source)
	at sun.net.www.protocol.http.HttpURLConnection.getInputStream(Unknown Source)
	at BaseTestCase.getHTTPResponse(BaseTestCase.java:146)
	at LabTestRequestResourceTest.addSpecimenInfo(LabTestRequestResourceTest.java:82)
	at sun.reflect.NativeMethodAccessorImpl.invoke0(Native Method)
	at sun.reflect.NativeMethodAccessorImpl.invoke(Unknown Source)
	at sun.reflect.DelegatingMethodAccessorImpl.invoke(Unknown Source)
	at java.lang.reflect.Method.invoke(Unknown Source)
	at org.testng.internal.MethodInvocationHelper.invokeMethod(MethodInvocationHelper.java:84)
	at org.testng.internal.Invoker.invokeMethod(Invoker.java:714)
	at org.testng.internal.Invoker.invokeTestMethod(Invoker.java:901)
	at org.testng.internal.Invoker.invokeTestMethods(Invoker.java:1231)
	at org.testng.internal.TestMethodWorker.invokeTestMethods(TestMethodWorker.java:127)
	at org.testng.internal.TestMethodWorker.run(TestMethodWorker.java:111)
	at org.testng.TestRunner.privateRun(TestRunner.java:767)
	at org.testng.TestRunner.run(TestRunner.java:617)
	at org.testng.SuiteRunner.runTest(SuiteRunner.java:334)
	at org.testng.SuiteRunner.runSequentially(SuiteRunner.java:329)
	at org.testng.SuiteRunner.privateRun(SuiteRunner.java:291)
	at org.testng.SuiteRunner.run(SuiteRunner.java:240)
	at org.testng.SuiteRunnerWorker.runSuite(SuiteRunnerWorker.java:52)
	at org.testng.SuiteRunnerWorker.run(SuiteRunnerWorker.java:86)
	at org.testng.TestNG.runSuitesSequentially(TestNG.java:1224)
	at org.testng.TestNG.runSuitesLocally(TestNG.java:1149)
	at org.testng.TestNG.run(TestNG.java:1057)
	at org.testng.remote.AbstractRemoteTestNG.run(AbstractRemoteTestNG.java:126)
	at org.testng.remote.RemoteTestNG.initAndRun(RemoteTestNG.java:152)
	at org.testng.remote.RemoteTestNG.main(RemoteTestNG.java:57)
]]>
    </failure>
  </testcase> <!-- addSpecimenInfo -->
  <testcase name="getAllSpecimenType" time="0.030" classname="LabTestRequestResourceTest"/>
  <testcase name="getTestRequestByRequestID" time="0.001" classname="LabTestRequestResourceTest"/>
  <testcase name="addNewLabTest" time="0.009" classname="LabTestRequestResourceTest"/>
</testsuite> <!-- LabTestRequestResourceTest -->
